[2025-12-01 18:58:25 +0000] [7408] [INFO] Starting gunicorn 23.0.0
[2025-12-01 18:58:25 +0000] [7408] [INFO] Listening at: http://0.0.0.0:5000 (7408)
[2025-12-01 18:58:25 +0000] [7408] [INFO] Using worker: sync
[2025-12-01 18:58:25 +0000] [7409] [INFO] Booting worker with pid: 7409
[2025-12-01 18:58:26 +0000] [7409] [ERROR] Exception in worker process
Traceback (most recent call last):
  File "/home/vagrant/.local/lib/python3.10/site-packages/gunicorn/arbiter.py", line 608, in spawn_worker
    worker.init_process()
  File "/home/vagrant/.local/lib/python3.10/site-packages/gunicorn/workers/base.py", line 135, in init_process
    self.load_wsgi()
  File "/home/vagrant/.local/lib/python3.10/site-packages/gunicorn/workers/base.py", line 147, in load_wsgi
    self.wsgi = self.app.wsgi()
  File "/home/vagrant/.local/lib/python3.10/site-packages/gunicorn/app/base.py", line 66, in wsgi
    self.callable = self.load()
  File "/home/vagrant/.local/lib/python3.10/site-packages/gunicorn/app/wsgiapp.py", line 57, in load
    return self.load_wsgiapp()
  File "/home/vagrant/.local/lib/python3.10/site-packages/gunicorn/app/wsgiapp.py", line 47, in load_wsgiapp
    return util.import_app(self.app_uri)
  File "/home/vagrant/.local/lib/python3.10/site-packages/gunicorn/util.py", line 370, in import_app
    mod = importlib.import_module(module)
  File "/usr/lib/python3.10/importlib/__init__.py", line 126, in import_module
    return _bootstrap._gcd_import(name[level:], package, level)
  File "<frozen importlib._bootstrap>", line 1050, in _gcd_import
  File "<frozen importlib._bootstrap>", line 1027, in _find_and_load
  File "<frozen importlib._bootstrap>", line 1006, in _find_and_load_unlocked
  File "<frozen importlib._bootstrap>", line 688, in _load_unlocked
  File "<frozen importlib._bootstrap_external>", line 883, in exec_module
  File "<frozen importlib._bootstrap>", line 241, in _call_with_frames_removed
  File "/vagrant/ITMO_444_544_Fall2025-main/FINAL_PROJECT/api/app.py", line 14, in <module>
    raise RuntimeError("Environment variable RESUME_BUCKET_NAME is not set.")
RuntimeError: Environment variable RESUME_BUCKET_NAME is not set.
[2025-12-01 18:58:26 +0000] [7409] [INFO] Worker exiting (pid: 7409)
[2025-12-01 18:58:26 +0000] [7408] [ERROR] Worker (pid:7409) exited with code 3
[2025-12-01 18:58:26 +0000] [7408] [ERROR] Shutting down: Master
[2025-12-01 18:58:26 +0000] [7408] [ERROR] Reason: Worker failed to boot.
[2025-12-01 18:59:03 +0000] [7415] [INFO] Starting gunicorn 23.0.0
[2025-12-01 18:59:03 +0000] [7415] [INFO] Listening at: http://0.0.0.0:5000 (7415)
[2025-12-01 18:59:03 +0000] [7415] [INFO] Using worker: sync
[2025-12-01 18:59:03 +0000] [7416] [INFO] Booting worker with pid: 7416
[2025-12-01 18:59:03 +0000] [7416] [ERROR] Exception in worker process
Traceback (most recent call last):
  File "/home/vagrant/.local/lib/python3.10/site-packages/gunicorn/arbiter.py", line 608, in spawn_worker
    worker.init_process()
  File "/home/vagrant/.local/lib/python3.10/site-packages/gunicorn/workers/base.py", line 135, in init_process
    self.load_wsgi()
  File "/home/vagrant/.local/lib/python3.10/site-packages/gunicorn/workers/base.py", line 147, in load_wsgi
    self.wsgi = self.app.wsgi()
  File "/home/vagrant/.local/lib/python3.10/site-packages/gunicorn/app/base.py", line 66, in wsgi
    self.callable = self.load()
  File "/home/vagrant/.local/lib/python3.10/site-packages/gunicorn/app/wsgiapp.py", line 57, in load
    return self.load_wsgiapp()
  File "/home/vagrant/.local/lib/python3.10/site-packages/gunicorn/app/wsgiapp.py", line 47, in load_wsgiapp
    return util.import_app(self.app_uri)
  File "/home/vagrant/.local/lib/python3.10/site-packages/gunicorn/util.py", line 370, in import_app
    mod = importlib.import_module(module)
  File "/usr/lib/python3.10/importlib/__init__.py", line 126, in import_module
    return _bootstrap._gcd_import(name[level:], package, level)
  File "<frozen importlib._bootstrap>", line 1050, in _gcd_import
  File "<frozen importlib._bootstrap>", line 1027, in _find_and_load
  File "<frozen importlib._bootstrap>", line 1006, in _find_and_load_unlocked
  File "<frozen importlib._bootstrap>", line 688, in _load_unlocked
  File "<frozen importlib._bootstrap_external>", line 883, in exec_module
  File "<frozen importlib._bootstrap>", line 241, in _call_with_frames_removed
  File "/vagrant/ITMO_444_544_Fall2025-main/FINAL_PROJECT/api/app.py", line 14, in <module>
    raise RuntimeError("Environment variable RESUME_BUCKET_NAME is not set.")
RuntimeError: Environment variable RESUME_BUCKET_NAME is not set.
[2025-12-01 18:59:03 +0000] [7416] [INFO] Worker exiting (pid: 7416)
[2025-12-01 18:59:03 +0000] [7415] [ERROR] Worker (pid:7416) exited with code 3
[2025-12-01 18:59:03 +0000] [7415] [ERROR] Shutting down: Master
[2025-12-01 18:59:03 +0000] [7415] [ERROR] Reason: Worker failed to boot.
